<?xml version="1.0" encoding="UTF-8"?>
<testsuite name="io.github.kht2199.mongo.failover.MongoAutoConfigurationIntegrationTest" tests="4" skipped="0" failures="0" errors="0" timestamp="2026-03-19T09:22:17" hostname="gimhuitaeg-ui-Mac-Studio.local" time="0.42">
  <properties/>
  <testcase name="failoverSwitchesToSecondaryWhenPrimaryMarkedDown()" classname="io.github.kht2199.mongo.failover.MongoAutoConfigurationIntegrationTest" time="0.406"/>
  <testcase name="mongoTemplateCanInsertAndFind()" classname="io.github.kht2199.mongo.failover.MongoAutoConfigurationIntegrationTest" time="0.01"/>
  <testcase name="autoConfigurationRegistersAllBeans()" classname="io.github.kht2199.mongo.failover.MongoAutoConfigurationIntegrationTest" time="0.002"/>
  <testcase name="mongoRouterStartsOnPrimaryInstance()" classname="io.github.kht2199.mongo.failover.MongoAutoConfigurationIntegrationTest" time="0.001"/>
  <system-out><![CDATA[18:22:12.759 [Test worker] INFO org.testcontainers.images.PullPolicy -- Image pull policy will be performed by: DefaultPullPolicy()
18:22:12.761 [Test worker] INFO org.testcontainers.utility.ImageNameSubstitutor -- Image name substitution will be performed by: DefaultImageNameSubstitutor (composite of 'ConfigurationFileImageNameSubstitutor' and 'PrefixingImageNameSubstitutor')
18:22:12.765 [Test worker] INFO org.testcontainers.DockerClientFactory -- Testcontainers version: 1.21.4
18:22:12.846 [Test worker] INFO org.testcontainers.dockerclient.DockerClientProviderStrategy -- Loaded org.testcontainers.dockerclient.UnixSocketClientProviderStrategy from ~/.testcontainers.properties, will try it first
18:22:12.976 [Test worker] INFO org.testcontainers.dockerclient.DockerClientProviderStrategy -- Found Docker environment with local Unix socket (unix:///var/run/docker.sock)
18:22:12.977 [Test worker] INFO org.testcontainers.DockerClientFactory -- Docker host IP address is localhost
18:22:12.992 [Test worker] INFO org.testcontainers.DockerClientFactory -- Connected to docker: 
  Server Version: 24.0.6
  API Version: 1.43
  Operating System: Docker Desktop
  Total Memory: 7850 MB
18:22:13.010 [Test worker] INFO tc.testcontainers/ryuk:0.12.0 -- Creating container for image: testcontainers/ryuk:0.12.0
18:22:13.172 [Test worker] INFO org.testcontainers.utility.RegistryAuthLocator -- Credential helper/store (docker-credential-desktop) does not have credentials for https://index.docker.io/v1/
18:22:13.228 [Test worker] INFO tc.testcontainers/ryuk:0.12.0 -- Container testcontainers/ryuk:0.12.0 is starting: d88d1f272bf79744701bd06f261cc9165b16b0a2451850032cd7eee97296fbca
18:22:13.402 [Test worker] INFO tc.testcontainers/ryuk:0.12.0 -- Container testcontainers/ryuk:0.12.0 started in PT0.391464S
18:22:13.405 [Test worker] INFO org.testcontainers.utility.RyukResourceReaper -- Ryuk started - will monitor and terminate Testcontainers containers on JVM exit
18:22:13.405 [Test worker] INFO org.testcontainers.DockerClientFactory -- Checking the system...
18:22:13.405 [Test worker] INFO org.testcontainers.DockerClientFactory -- ✔︎ Docker server version should be at least 1.6.0
18:22:13.405 [Test worker] INFO tc.mongo:7 -- Creating container for image: mongo:7
18:22:13.419 [Test worker] INFO tc.mongo:7 -- Container mongo:7 is starting: 6c0620ff8193d1b5dc788748982ef6a7ae00e71bd91f445fc6f93ebbcd5da089
18:22:14.244 [Test worker] INFO tc.mongo:7 -- Container mongo:7 started in PT0.838828S
18:22:14.936 [Test worker] INFO tc.mongo:7 -- Creating container for image: mongo:7
18:22:14.953 [Test worker] INFO tc.mongo:7 -- Container mongo:7 is starting: eea5471e7bb1432da962481a8aab1fd079838160bbcf104e07d8d1f2a5f9bcc9
18:22:15.773 [Test worker] INFO tc.mongo:7 -- Container mongo:7 started in PT0.837536S

  .   ____          _            __ _ _
 /\\ / ___'_ __ _ _(_)_ __  __ _ \ \ \ \
( ( )\___ | '_ | '_| | '_ \/ _` | \ \ \ \
 \\/  ___)| |_)| | | | | || (_| |  ) ) ) )
  '  |____| .__|_| |_|_| |_\__, | / / / /
 =========|_|==============|___/=/_/_/_/

 :: Spring Boot ::               (v3.5.10)

2026-03-19T18:22:16.709+09:00  INFO 96508 --- [    Test worker] .f.MongoAutoConfigurationIntegrationTest : Starting MongoAutoConfigurationIntegrationTest using Java 21.0.5 with PID 96508 (started by htkim in /Users/Shared/IdeaProjects/mongo-failover-spring-boot-starter)
2026-03-19T18:22:16.710+09:00  INFO 96508 --- [    Test worker] .f.MongoAutoConfigurationIntegrationTest : No active profile set, falling back to 1 default profile: "default"
2026-03-19T18:22:16.857+09:00  INFO 96508 --- [    Test worker] .s.d.r.c.RepositoryConfigurationDelegate : Bootstrapping Spring Data MongoDB repositories in DEFAULT mode.
2026-03-19T18:22:16.866+09:00  INFO 96508 --- [    Test worker] .s.d.r.c.RepositoryConfigurationDelegate : Finished Spring Data repository scanning in 6 ms. Found 0 MongoDB repository interfaces.
2026-03-19T18:22:17.085+09:00  INFO 96508 --- [    Test worker] org.mongodb.driver.client                : MongoClient with metadata {"driver": {"name": "mongo-java-driver|sync", "version": "5.5.2"}, "os": {"type": "Darwin", "name": "Mac OS X", "architecture": "aarch64", "version": "26.3"}, "platform": "Java/Eclipse Adoptium/21.0.5+11-LTS"} created with settings MongoClientSettings{readPreference=primary, writeConcern=WriteConcern{w=null, wTimeout=null ms, journal=null}, retryWrites=true, retryReads=true, readConcern=ReadConcern{level=null}, credential=null, transportSettings=null, commandListeners=[], codecRegistry=ProvidersCodecRegistry{codecProviders=[ValueCodecProvider{}, BsonValueCodecProvider{}, DBRefCodecProvider{}, DBObjectCodecProvider{}, DocumentCodecProvider{}, CollectionCodecProvider{}, IterableCodecProvider{}, MapCodecProvider{}, GeoJsonCodecProvider{}, GridFSFileCodecProvider{}, Jsr310CodecProvider{}, JsonObjectCodecProvider{}, BsonCodecProvider{}, EnumCodecProvider{}, com.mongodb.client.model.mql.ExpressionCodecProvider@66b6873f, com.mongodb.Jep395RecordCodecProvider@52285a5f, com.mongodb.KotlinCodecProvider@4fa5cc73]}, loggerSettings=LoggerSettings{maxDocumentLength=1000}, clusterSettings={hosts=[localhost:65374], srvServiceName=mongodb, mode=SINGLE, requiredClusterType=UNKNOWN, requiredReplicaSetName='null', serverSelector='null', clusterListeners='[]', serverSelectionTimeout='3000 ms', localThreshold='15 ms'}, socketSettings=SocketSettings{connectTimeoutMS=3000, readTimeoutMS=0, receiveBufferSize=0, proxySettings=ProxySettings{host=null, port=null, username=null, password=null}}, heartbeatSocketSettings=SocketSettings{connectTimeoutMS=3000, readTimeoutMS=3000, receiveBufferSize=0, proxySettings=ProxySettings{host=null, port=null, username=null, password=null}}, connectionPoolSettings=ConnectionPoolSettings{maxSize=100, minSize=0, maxWaitTimeMS=120000, maxConnectionLifeTimeMS=0, maxConnectionIdleTimeMS=0, maintenanceInitialDelayMS=0, maintenanceFrequencyMS=60000, connectionPoolListeners=[], maxConnecting=2}, serverSettings=ServerSettings{heartbeatFrequencyMS=10000, minHeartbeatFrequencyMS=500, serverMonitoringMode=AUTO, serverListeners='[]', serverMonitorListeners='[]'}, sslSettings=SslSettings{enabled=false, invalidHostNameAllowed=false, context=null}, applicationName='null', compressorList=[], uuidRepresentation=UNSPECIFIED, serverApi=null, autoEncryptionSettings=null, dnsClient=null, inetAddressResolver=null, contextProvider=null, timeoutMS=null}
2026-03-19T18:22:17.085+09:00  INFO 96508 --- [    Test worker] i.g.k.m.f.core.MongoClientRegistry       : MongoDB client created: primary
2026-03-19T18:22:17.087+09:00  INFO 96508 --- [    Test worker] org.mongodb.driver.client                : MongoClient with metadata {"driver": {"name": "mongo-java-driver|sync", "version": "5.5.2"}, "os": {"type": "Darwin", "name": "Mac OS X", "architecture": "aarch64", "version": "26.3"}, "platform": "Java/Eclipse Adoptium/21.0.5+11-LTS"} created with settings MongoClientSettings{readPreference=primary, writeConcern=WriteConcern{w=null, wTimeout=null ms, journal=null}, retryWrites=true, retryReads=true, readConcern=ReadConcern{level=null}, credential=null, transportSettings=null, commandListeners=[], codecRegistry=ProvidersCodecRegistry{codecProviders=[ValueCodecProvider{}, BsonValueCodecProvider{}, DBRefCodecProvider{}, DBObjectCodecProvider{}, DocumentCodecProvider{}, CollectionCodecProvider{}, IterableCodecProvider{}, MapCodecProvider{}, GeoJsonCodecProvider{}, GridFSFileCodecProvider{}, Jsr310CodecProvider{}, JsonObjectCodecProvider{}, BsonCodecProvider{}, EnumCodecProvider{}, com.mongodb.client.model.mql.ExpressionCodecProvider@66b6873f, com.mongodb.Jep395RecordCodecProvider@52285a5f, com.mongodb.KotlinCodecProvider@4fa5cc73]}, loggerSettings=LoggerSettings{maxDocumentLength=1000}, clusterSettings={hosts=[localhost:65375], srvServiceName=mongodb, mode=SINGLE, requiredClusterType=UNKNOWN, requiredReplicaSetName='null', serverSelector='null', clusterListeners='[]', serverSelectionTimeout='3000 ms', localThreshold='15 ms'}, socketSettings=SocketSettings{connectTimeoutMS=3000, readTimeoutMS=0, receiveBufferSize=0, proxySettings=ProxySettings{host=null, port=null, username=null, password=null}}, heartbeatSocketSettings=SocketSettings{connectTimeoutMS=3000, readTimeoutMS=3000, receiveBufferSize=0, proxySettings=ProxySettings{host=null, port=null, username=null, password=null}}, connectionPoolSettings=ConnectionPoolSettings{maxSize=100, minSize=0, maxWaitTimeMS=120000, maxConnectionLifeTimeMS=0, maxConnectionIdleTimeMS=0, maintenanceInitialDelayMS=0, maintenanceFrequencyMS=60000, connectionPoolListeners=[], maxConnecting=2}, serverSettings=ServerSettings{heartbeatFrequencyMS=10000, minHeartbeatFrequencyMS=500, serverMonitoringMode=AUTO, serverListeners='[]', serverMonitorListeners='[]'}, sslSettings=SslSettings{enabled=false, invalidHostNameAllowed=false, context=null}, applicationName='null', compressorList=[], uuidRepresentation=UNSPECIFIED, serverApi=null, autoEncryptionSettings=null, dnsClient=null, inetAddressResolver=null, contextProvider=null, timeoutMS=null}
2026-03-19T18:22:17.088+09:00  INFO 96508 --- [    Test worker] i.g.k.m.f.core.MongoClientRegistry       : MongoDB client created: secondary
2026-03-19T18:22:17.100+09:00  INFO 96508 --- [localhost:65374] org.mongodb.driver.cluster               : Monitor thread successfully connected to server with description ServerDescription{address=localhost:65374, type=REPLICA_SET_PRIMARY, cryptd=false, state=CONNECTED, ok=true, minWireVersion=0, maxWireVersion=21, maxDocumentSize=16777216, logicalSessionTimeoutMinutes=30, roundTripTimeNanos=11757792, minRoundTripTimeNanos=0, setName='docker-rs', canonicalAddress=6c0620ff8193:27017, hosts=[6c0620ff8193:27017], passives=[], arbiters=[], primary='6c0620ff8193:27017', tagSet=TagSet{[]}, electionId=7fffffff0000000000000001, setVersion=1, topologyVersion=TopologyVersion{processId=69bbc045bb37e5bebb01d619, counter=6}, lastWriteDate=Thu Mar 19 18:22:14 KST 2026, lastUpdateTimeNanos=1534366036344458}
2026-03-19T18:22:17.100+09:00  INFO 96508 --- [localhost:65375] org.mongodb.driver.cluster               : Monitor thread successfully connected to server with description ServerDescription{address=localhost:65375, type=REPLICA_SET_PRIMARY, cryptd=false, state=CONNECTED, ok=true, minWireVersion=0, maxWireVersion=21, maxDocumentSize=16777216, logicalSessionTimeoutMinutes=30, roundTripTimeNanos=4579666, minRoundTripTimeNanos=0, setName='docker-rs', canonicalAddress=eea5471e7bb1:27017, hosts=[eea5471e7bb1:27017], passives=[], arbiters=[], primary='eea5471e7bb1:27017', tagSet=TagSet{[]}, electionId=7fffffff0000000000000001, setVersion=1, topologyVersion=TopologyVersion{processId=69bbc047f899af71f6c4db8b, counter=6}, lastWriteDate=Thu Mar 19 18:22:16 KST 2026, lastUpdateTimeNanos=1534366036344500}
2026-03-19T18:22:17.228+09:00  INFO 96508 --- [    Test worker] .f.MongoAutoConfigurationIntegrationTest : Started MongoAutoConfigurationIntegrationTest in 0.644 seconds (process running for 4.822)
2026-03-19T18:22:17.673+09:00  INFO 96508 --- [localhost:65375] org.mongodb.driver.cluster               : Exception in monitor thread while connecting to server localhost:65375

com.mongodb.MongoSocketReadException: Prematurely reached end of stream
	at com.mongodb.internal.connection.SocketStream.read(SocketStream.java:184) ~[mongodb-driver-core-5.5.2.jar:na]
	at com.mongodb.internal.connection.InternalStreamConnection.receiveResponseBuffers(InternalStreamConnection.java:824) ~[mongodb-driver-core-5.5.2.jar:na]
	at com.mongodb.internal.connection.InternalStreamConnection.receiveCommandMessageResponse(InternalStreamConnection.java:517) ~[mongodb-driver-core-5.5.2.jar:na]
	at com.mongodb.internal.connection.InternalStreamConnection.receive(InternalStreamConnection.java:469) ~[mongodb-driver-core-5.5.2.jar:na]
	at com.mongodb.internal.connection.DefaultServerMonitor$ServerMonitor.lookupServerDescription(DefaultServerMonitor.java:249) ~[mongodb-driver-core-5.5.2.jar:na]
	at com.mongodb.internal.connection.DefaultServerMonitor$ServerMonitor.run(DefaultServerMonitor.java:176) ~[mongodb-driver-core-5.5.2.jar:na]

2026-03-19T18:22:17.765+09:00  INFO 96508 --- [localhost:65374] org.mongodb.driver.cluster               : Exception in monitor thread while connecting to server localhost:65374

com.mongodb.MongoSocketReadException: Prematurely reached end of stream
	at com.mongodb.internal.connection.SocketStream.read(SocketStream.java:184) ~[mongodb-driver-core-5.5.2.jar:na]
	at com.mongodb.internal.connection.InternalStreamConnection.receiveResponseBuffers(InternalStreamConnection.java:824) ~[mongodb-driver-core-5.5.2.jar:na]
	at com.mongodb.internal.connection.InternalStreamConnection.receiveCommandMessageResponse(InternalStreamConnection.java:517) ~[mongodb-driver-core-5.5.2.jar:na]
	at com.mongodb.internal.connection.InternalStreamConnection.receive(InternalStreamConnection.java:469) ~[mongodb-driver-core-5.5.2.jar:na]
	at com.mongodb.internal.connection.DefaultServerMonitor$ServerMonitor.lookupServerDescription(DefaultServerMonitor.java:249) ~[mongodb-driver-core-5.5.2.jar:na]
	at com.mongodb.internal.connection.DefaultServerMonitor$ServerMonitor.run(DefaultServerMonitor.java:176) ~[mongodb-driver-core-5.5.2.jar:na]

]]></system-out>
  <system-err><![CDATA[Mockito is currently self-attaching to enable the inline-mock-maker. This will no longer work in future releases of the JDK. Please add Mockito as an agent to your build as described in Mockito's documentation: https://javadoc.io/doc/org.mockito/mockito-core/latest/org.mockito/org/mockito/Mockito.html#0.3
WARNING: A Java agent has been loaded dynamically (/Users/htkim/.gradle/caches/modules-2/files-2.1/net.bytebuddy/byte-buddy-agent/1.17.8/f09415827a71be7ed621c7bd02550678f28bc81c/byte-buddy-agent-1.17.8.jar)
WARNING: If a serviceability tool is in use, please run with -XX:+EnableDynamicAgentLoading to hide this warning
WARNING: If a serviceability tool is not in use, please run with -Djdk.instrument.traceUsage for more information
WARNING: Dynamic loading of agents will be disallowed by default in a future release
]]></system-err>
</testsuite>
