<?xml version="1.0" encoding="UTF-8"?>
<testsuite name="io.github.kht2199.mongo.failover.core.MongoRouterTest" tests="5" skipped="0" failures="0" errors="0" timestamp="2026-03-19T09:22:18" hostname="gimhuitaeg-ui-Mac-Studio.local" time="0.004">
  <properties/>
  <testcase name="failoverSkipsUnhealthyInstances()" classname="io.github.kht2199.mongo.failover.core.MongoRouterTest" time="0.0"/>
  <testcase name="failoverIsNoOpWhenAlreadyAdvanced()" classname="io.github.kht2199.mongo.failover.core.MongoRouterTest" time="0.0"/>
  <testcase name="failoverAdvancesToNextHealthyInstance()" classname="io.github.kht2199.mongo.failover.core.MongoRouterTest" time="0.0"/>
  <testcase name="startsAtIndexZero()" classname="io.github.kht2199.mongo.failover.core.MongoRouterTest" time="0.001"/>
  <testcase name="throwsWhenAllInstancesUnhealthy()" classname="io.github.kht2199.mongo.failover.core.MongoRouterTest" time="0.0"/>
  <system-out><![CDATA[]]></system-out>
  <system-err><![CDATA[]]></system-err>
</testsuite>
